Solid Edge in STL konvertieren
Datum: Freitag,Dezember 22,2023 02:55
Quelldatei:C:\Users\janhe\OneDrive\Dokumente\02_HausMum\Treppenlicht\STL FIles\Deckel Mosfet.par
Ausgangssystem: SOLID EDGE

Hardware:
Prozessor: Intel(R) Core(TM) i7-7820X CPU @ 3.60GHz
Betriebssystem: Windows 10 Professional
Installierter Speicher: 63,68 GB

Software-Informationen:
Parasolid-Version: 35.0.149
PSBodyshop-Version: 35.0.82
Solid Edge-Version: 223.00.00.101 x64

STL-Exportoptionen:
Ausgabedateiformat:BINARY
Angezeigte Teile exportieren: Aus
Strukturoption: Monolithic
Einheiten exportieren:Millimeter
Toleranzwert exportieren:0,050000
Toleranztyp exportieren:Custom
Flächenplanwinkelwert exportieren:0,523599

Konvertierungsfortschritt:
Phase 1 von 2 - Abrufen der Parasolid-Informationen...
Phase 2 von 2 - Konvertieren von Parasolid in fremde Datentypen...
Anzahl erstellter STL-Dateien : 1
Konvertierungsvorgang ist abgeschlossen
Zum Konvertieren benötigte Zeit:00 : 00 : 00
