STL translation to Solid Edge
Datum: Freitag,Dezember 22,2023 02:52
Quelldatei:C:\Users\janhe\OneDrive\Dokumente\02_HausMum\Treppenlicht\STL FIles\Deckel Mosfet.stl
Autor: Unbekannt
Organisation: Unbekannt
Ausgangssystem: DEX

Hardware:
Prozessor: Intel(R) Core(TM) i7-7820X CPU @ 3.60GHz
Betriebssystem: Windows 10 Professional
Installierter Speicher: 63,68 GB

Software-Informationen:
Parasolid-Version: 35.0.149
PSBodyshop-Version: 35.0.82
Solid Edge-Version: 223.00.00.101 x64

STL Import Options
Vernetzungsfehler reparieren:Aus
Basisformelement erstellen:Ein
Protokollierung aktivieren:Ein

Konvertierungsfortschritt:
Konvertierungsvorgang ist abgeschlossen
Zum Konvertieren benötigte Zeit:00 : 00 : 01
